# JRE version: OpenJDK Runtime Environment Temurin-17.0.10+7 (17.0.10+7) (build 17.0.10+7)
# Java VM: OpenJDK 64-Bit Server VM Temurin-17.0.10+7 (17.0.10+7, mixed mode, emulated-client, tiered, compressed oops, compressed class ptrs, g1 gc, windows-amd64)
GC Precious Log:
 CPUs: 2 total, 2 available
 Memory: 6403M
 Large Page Support: Disabled
 NUMA Support: Disabled
 Compressed Oops: Enabled (32-bit)
 Heap Region Size: 1M
 Heap Min Capacity: 8M
 Heap Initial Capacity: 102M
 Heap Max Capacity: 1602M
 Pre-touch: Disabled
 Parallel Workers: 2
 Concurrent Workers: 1
 Concurrent Refinement Workers: 2
 Periodic GC: Disabled
Heap:
 garbage-first heap   total 163840K, used 61453K [0x000000009be00000, 0x0000000100000000)
  region size 1024K, 10 young (10240K), 4 survivors (4096K)
 Metaspace       used 82341K, committed 82944K, reserved 1179648K
  class space    used 11207K, committed 11520K, reserved 1048576K
GC Heap History (20 events):
Event: 983.223 GC heap before
{Heap before GC invocations=32 (full 2):
 garbage-first heap   total 171008K, used 125464K [0x000000009be00000, 0x0000000100000000)
  region size 1024K, 74 young (75776K), 4 survivors (4096K)
 Metaspace       used 79280K, committed 79872K, reserved 1179648K
  class space    used 10790K, committed 11072K, reserved 1048576K
}
Event: 983.237 GC heap after
{Heap after GC invocations=33 (full 2):
 garbage-first heap   total 171008K, used 56810K [0x000000009be00000, 0x0000000100000000)
  region size 1024K, 7 young (7168K), 7 survivors (7168K)
 Metaspace       used 79280K, committed 79872K, reserved 1179648K
  class space    used 10790K, committed 11072K, reserved 1048576K
}
Event: 2462.813 GC heap before
{Heap before GC invocations=33 (full 2):
 garbage-first heap   total 171008K, used 135658K [0x000000009be00000, 0x0000000100000000)
  region size 1024K, 77 young (78848K), 7 survivors (7168K)
 Metaspace       used 79301K, committed 79872K, reserved 1179648K
  class space    used 10794K, committed 11072K, reserved 1048576K
}
Event: 2462.831 GC heap after
{Heap after GC invocations=34 (full 2):
 garbage-first heap   total 171008K, used 56822K [0x000000009be00000, 0x0000000100000000)
  region size 1024K, 4 young (4096K), 4 survivors (4096K)
 Metaspace       used 79301K, committed 79872K, reserved 1179648K
  class space    used 10794K, committed 11072K, reserved 1048576K
}
Event: 2955.769 GC heap before
{Heap before GC invocations=34 (full 2):
 garbage-first heap   total 171008K, used 93686K [0x000000009be00000, 0x0000000100000000)
  region size 1024K, 36 young (36864K), 4 survivors (4096K)
 Metaspace       used 79312K, committed 79872K, reserved 1179648K
  class space    used 10797K, committed 11072K, reserved 1048576K
}
Event: 2955.899 GC heap after
{Heap after GC invocations=35 (full 3):
 garbage-first heap   total 163840K, used 47948K [0x000000009be00000, 0x0000000100000000)
  region size 1024K, 0 young (0K), 0 survivors (0K)
 Metaspace       used 79238K, committed 79872K, reserved 1179648K
  class space    used 10781K, committed 11072K, reserved 1048576K
}
Event: 2957.368 GC heap before
{Heap before GC invocations=35 (full 3):
 garbage-first heap   total 163840K, used 130892K [0x000000009be00000, 0x0000000100000000)
  region size 1024K, 77 young (78848K), 0 survivors (0K)
 Metaspace       used 79404K, committed 79936K, reserved 1179648K
  class space    used 10805K, committed 11072K, reserved 1048576K
}
Event: 2957.397 GC heap after
{Heap after GC invocations=36 (full 3):
 garbage-first heap   total 163840K, used 53068K [0x000000009be00000, 0x0000000100000000)
  region size 1024K, 5 young (5120K), 5 survivors (5120K)
 Metaspace       used 79404K, committed 79936K, reserved 1179648K
  class space    used 10805K, committed 11072K, reserved 1048576K
}
Event: 2990.471 GC heap before
{Heap before GC invocations=36 (full 3):
 garbage-first heap   total 163840K, used 123724K [0x000000009be00000, 0x0000000100000000)
  region size 1024K, 75 young (76800K), 5 survivors (5120K)
 Metaspace       used 79754K, committed 80320K, reserved 1179648K
  class space    used 10837K, committed 11072K, reserved 1048576K
}
Event: 2990.573 GC heap after
{Heap after GC invocations=37 (full 4):
 garbage-first heap   total 163840K, used 49708K [0x000000009be00000, 0x0000000100000000)
  region size 1024K, 0 young (0K), 0 survivors (0K)
 Metaspace       used 79741K, committed 80320K, reserved 1179648K
  class space    used 10835K, committed 11072K, reserved 1048576K
}
Event: 2991.416 GC heap before
{Heap before GC invocations=37 (full 4):
 garbage-first heap   total 163840K, used 130604K [0x000000009be00000, 0x0000000100000000)
  region size 1024K, 75 young (76800K), 0 survivors (0K)
 Metaspace       used 79872K, committed 80448K, reserved 1179648K
  class space    used 10850K, committed 11136K, reserved 1048576K
}
Event: 2991.424 GC heap after
{Heap after GC invocations=38 (full 4):
 garbage-first heap   total 163840K, used 53743K [0x000000009be00000, 0x0000000100000000)
  region size 1024K, 4 young (4096K), 4 survivors (4096K)
 Metaspace       used 79872K, committed 80448K, reserved 1179648K
  class space    used 10850K, committed 11136K, reserved 1048576K
}
Event: 3165.525 GC heap before
{Heap before GC invocations=38 (full 4):
 garbage-first heap   total 163840K, used 130543K [0x000000009be00000, 0x0000000100000000)
  region size 1024K, 78 young (79872K), 4 survivors (4096K)
 Metaspace       used 80171K, committed 80768K, reserved 1179648K
  class space    used 10879K, committed 11136K, reserved 1048576K
}
Event: 3165.535 GC heap after
{Heap after GC invocations=39 (full 4):
 garbage-first heap   total 163840K, used 55852K [0x000000009be00000, 0x0000000100000000)
  region size 1024K, 6 young (6144K), 6 survivors (6144K)
 Metaspace       used 80171K, committed 80768K, reserved 1179648K
  class space    used 10879K, committed 11136K, reserved 1048576K
}
Event: 4785.189 GC heap before
{Heap before GC invocations=39 (full 4):
 garbage-first heap   total 163840K, used 133676K [0x000000009be00000, 0x0000000100000000)
  region size 1024K, 79 young (80896K), 6 survivors (6144K)
 Metaspace       used 80213K, committed 80832K, reserved 1179648K
  class space    used 10888K, committed 11200K, reserved 1048576K
}
Event: 4785.200 GC heap after
{Heap after GC invocations=40 (full 4):
 garbage-first heap   total 163840K, used 56333K [0x000000009be00000, 0x0000000100000000)
  region size 1024K, 4 young (4096K), 4 survivors (4096K)
 Metaspace       used 80213K, committed 80832K, reserved 1179648K
  class space    used 10888K, committed 11200K, reserved 1048576K
}
Event: 6398.975 GC heap before
{Heap before GC invocations=40 (full 4):
 garbage-first heap   total 163840K, used 132109K [0x000000009be00000, 0x0000000100000000)
  region size 1024K, 79 young (80896K), 4 survivors (4096K)
 Metaspace       used 82272K, committed 82944K, reserved 1179648K
  class space    used 11201K, committed 11520K, reserved 1048576K
}
Event: 6398.995 GC heap after
{Heap after GC invocations=41 (full 4):
 garbage-first heap   total 163840K, used 56121K [0x000000009be00000, 0x0000000100000000)
  region size 1024K, 4 young (4096K), 4 survivors (4096K)
 Metaspace       used 82272K, committed 82944K, reserved 1179648K
  class space    used 11201K, committed 11520K, reserved 1048576K
}
Event: 8224.154 GC heap before
{Heap before GC invocations=41 (full 4):
 garbage-first heap   total 163840K, used 134969K [0x000000009be00000, 0x0000000100000000)
  region size 1024K, 81 young (82944K), 4 survivors (4096K)
 Metaspace       used 82272K, committed 82944K, reserved 1179648K
  class space    used 11201K, committed 11520K, reserved 1048576K
}
Event: 8224.171 GC heap after
{Heap after GC invocations=42 (full 4):
 garbage-first heap   total 163840K, used 56333K [0x000000009be00000, 0x0000000100000000)
  region size 1024K, 4 young (4096K), 4 survivors (4096K)
 Metaspace       used 82272K, committed 82944K, reserved 1179648K
  class space    used 11201K, committed 11520K, reserved 1048576K
}

